Intent_filt/Intent_filters/app/build/intermediates/manifest_merge_blame_file/debug/manifest-merger-blame-debug-report.txt
1<?xml version="1.0" encoding="utf-8"?>
2<manifest xmlns:android="http://schemas.android.com/apk/res/android"
3    package="com.example.intent_filters"
4    android:versionCode="1"
5    android:versionName="1.0" >
6
7    <uses-sdk
8        android:minSdkVersion="21"
8-->src\main\AndroidManifest.xml
9        android:targetSdkVersion="31" />
9-->src\main\AndroidManifest.xml
10
11    <application
11-->src\main\AndroidManifest.xml:5:5-55:19
12        android:allowBackup="true"
12-->src\main\AndroidManifest.xml:6:9-35
13        android:appComponentFactory="androidx.core.app.CoreComponentFactory"
13-->[androidx.core:core:1.5.0] AndroidManifest.xml:24:18-86
14        android:debuggable="true"
15        android:icon="@mipmap/ic_launcher"
15-->src\main\AndroidManifest.xml:7:9-43
16        android:label="@string/app_name"
16-->src\main\AndroidManifest.xml:8:9-41
17        android:roundIcon="@mipmap/ic_launcher_round"
17-->src\main\AndroidManifest.xml:9:9-54
18        android:supportsRtl="true"
18-->src\main\AndroidManifest.xml:10:9-35
19        android:testOnly="true"
20        android:theme="@style/Theme.Intent_filters" >
20-->src\main\AndroidManifest.xml:11:9-52
21        <activity
21-->src\main\AndroidManifest.xml:12:9-14:39
22            android:name="com.example.intent_filters.NameActivity"
22-->src\main\AndroidManifest.xml:13:13-41
23            android:exported="true" />
23-->src\main\AndroidManifest.xml:14:13-36
24        <activity
24-->src\main\AndroidManifest.xml:15:9-25:20
25            android:name="com.example.intent_filters.Info"
25-->src\main\AndroidManifest.xml:16:13-33
26            android:exported="true"
26-->src\main\AndroidManifest.xml:17:13-36
27            android:label="Info" >
27-->src\main\AndroidManifest.xml:18:13-33
28            <intent-filter>
28-->src\main\AndroidManifest.xml:19:13-24:29
29                <action android:name="com.example.intent.action.showdate" />
29-->src\main\AndroidManifest.xml:20:17-77
29-->src\main\AndroidManifest.xml:20:25-74
30                <action android:name="com.example.intent.action.showtime" />
30-->src\main\AndroidManifest.xml:21:17-77
30-->src\main\AndroidManifest.xml:21:25-74
31
32                <category android:name="android.intent.category.DEFAULT" />
32-->src\main\AndroidManifest.xml:23:17-76
32-->src\main\AndroidManifest.xml:23:27-73
33            </intent-filter>
34        </activity>
35        <activity
35-->src\main\AndroidManifest.xml:26:9-35:20
36            android:name="com.example.intent_filters.Activ_Date"
36-->src\main\AndroidManifest.xml:27:13-39
37            android:exported="true"
37-->src\main\AndroidManifest.xml:28:13-36
38            android:label="Date basic" >
38-->src\main\AndroidManifest.xml:29:13-39
39            <intent-filter>
39-->src\main\AndroidManifest.xml:30:13-34:29
40                <action android:name="com.example.intent.action.showdate" />
40-->src\main\AndroidManifest.xml:20:17-77
40-->src\main\AndroidManifest.xml:20:25-74
41
42                <category android:name="android.intent.category.DEFAULT" />
42-->src\main\AndroidManifest.xml:23:17-76
42-->src\main\AndroidManifest.xml:23:27-73
43            </intent-filter>
44        </activity>
45        <activity
45-->src\main\AndroidManifest.xml:36:9-45:20
46            android:name="com.example.intent_filters.Activ_Time"
46-->src\main\AndroidManifest.xml:37:13-39
47            android:exported="true"
47-->src\main\AndroidManifest.xml:38:13-36
48            android:label="Time basic" >
48-->src\main\AndroidManifest.xml:39:13-39
49            <intent-filter>
49-->src\main\AndroidManifest.xml:40:13-44:29
50                <action android:name="com.example.intent.action.showtime" />
50-->src\main\AndroidManifest.xml:21:17-77
50-->src\main\AndroidManifest.xml:21:25-74
51
52                <category android:name="android.intent.category.DEFAULT" />
52-->src\main\AndroidManifest.xml:23:17-76
52-->src\main\AndroidManifest.xml:23:27-73
53            </intent-filter>
54        </activity>
55        <activity
55-->src\main\AndroidManifest.xml:46:9-54:20
56            android:name="com.example.intent_filters.MainActivity"
56-->src\main\AndroidManifest.xml:47:13-41
57            android:exported="true" >
57-->src\main\AndroidManifest.xml:48:13-36
58            <intent-filter>
58-->src\main\AndroidManifest.xml:49:13-53:29
59                <action android:name="android.intent.action.MAIN" />
59-->src\main\AndroidManifest.xml:50:17-69
59-->src\main\AndroidManifest.xml:50:25-66
60
61                <category android:name="android.intent.category.LAUNCHER" />
61-->src\main\AndroidManifest.xml:52:17-77
61-->src\main\AndroidManifest.xml:52:27-74
62            </intent-filter>
63        </activity>
64    </application>
65
66</manifest>